Release 14.7 - xst P.20131013 (nt64)
Copyright (c) 1995-2013 Xilinx, Inc.  All rights reserved.
--> Parameter TMPDIR set to xst/projnav.tmp


Total REAL time to Xst completion: 1.00 secs
Total CPU time to Xst completion: 0.21 secs
 
--> Parameter xsthdpdir set to xst


Total REAL time to Xst completion: 1.00 secs
Total CPU time to Xst completion: 0.22 secs
 
--> Reading design: top.prj

TABLE OF CONTENTS
  1) Synthesis Options Summary
  2) HDL Parsing
  3) HDL Elaboration
  4) HDL Synthesis
       4.1) HDL Synthesis Report
  5) Advanced HDL Synthesis
       5.1) Advanced HDL Synthesis Report
  6) Low Level Synthesis
  7) Partition Report
  8) Design Summary
       8.1) Primitive and Black Box Usage
       8.2) Device utilization summary
       8.3) Partition Resource Summary
       8.4) Timing Report
            8.4.1) Clock Information
            8.4.2) Asynchronous Control Signals Information
            8.4.3) Timing Summary
            8.4.4) Timing Details
            8.4.5) Cross Clock Domains Report


=========================================================================
*                      Synthesis Options Summary                        *
=========================================================================
---- Source Parameters
Input File Name                    : "top.prj"
Ignore Synthesis Constraint File   : NO

---- Target Parameters
Output File Name                   : "top"
Output Format                      : NGC
Target Device                      : xc6slx45-2-fgg676

---- Source Options
Top Module Name                    : top
Automatic FSM Extraction           : YES
FSM Encoding Algorithm             : Auto
Safe Implementation                : No
FSM Style                          : LUT
RAM Extraction                     : Yes
RAM Style                          : Auto
ROM Extraction                     : Yes
Shift Register Extraction          : YES
ROM Style                          : Auto
Resource Sharing                   : YES
Asynchronous To Synchronous        : NO
Shift Register Minimum Size        : 2
Use DSP Block                      : Auto
Automatic Register Balancing       : No

---- Target Options
LUT Combining                      : Auto
Reduce Control Sets                : Auto
Add IO Buffers                     : YES
Global Maximum Fanout              : 100000
Add Generic Clock Buffer(BUFG)     : 16
Register Duplication               : YES
Optimize Instantiated Primitives   : NO
Use Clock Enable                   : Auto
Use Synchronous Set                : Auto
Use Synchronous Reset              : Auto
Pack IO Registers into IOBs        : Auto
Equivalent register Removal        : YES

---- General Options
Optimization Goal                  : Speed
Optimization Effort                : 1
Power Reduction                    : NO
Keep Hierarchy                     : No
Netlist Hierarchy                  : As_Optimized
RTL Output                         : Yes
Global Optimization                : AllClockNets
Read Cores                         : YES
Write Timing Constraints           : NO
Cross Clock Analysis               : NO
Hierarchy Separator                : /
Bus Delimiter                      : <>
Case Specifier                     : Maintain
Slice Utilization Ratio            : 100
BRAM Utilization Ratio             : 100
DSP48 Utilization Ratio            : 100
Auto BRAM Packing                  : NO
Slice Utilization Ratio Delta      : 5

---- Other Options
Cores Search Directories           : {"../../source/coregen/char_rom"  }

=========================================================================


=========================================================================
*                          HDL Parsing                                  *
=========================================================================
Parsing VHDL file "G:\moje stvari\programi ftn\lprs2\lab2\lab2\HDL\source\rtl\vhdl\vga_sync.vhd" into library work
Parsing entity <vga_sync>.
Parsing architecture <rtl> of entity <vga_sync>.
Parsing VHDL file "G:\moje stvari\programi ftn\lprs2\lab2\lab2\HDL\source\coregen\dcm75MHz.vhd" into library work
Parsing entity <dcm75MHz>.
Parsing architecture <xilinx> of entity <dcm75mhz>.
Parsing VHDL file "G:\moje stvari\programi ftn\lprs2\lab2\lab2\HDL\source\coregen\dcm50MHz.vhd" into library work
Parsing entity <dcm50MHz>.
Parsing architecture <xilinx> of entity <dcm50mhz>.
Parsing VHDL file "G:\moje stvari\programi ftn\lprs2\lab2\lab2\HDL\source\coregen\dcm25MHz.vhd" into library work
Parsing entity <dcm25MHz>.
Parsing architecture <xilinx> of entity <dcm25mhz>.
Parsing VHDL file "G:\moje stvari\programi ftn\lprs2\lab2\lab2\HDL\source\coregen\dcm108MHz.vhd" into library work
Parsing entity <dcm108MHz>.
Parsing architecture <xilinx> of entity <dcm108mhz>.
Parsing VHDL file "G:\moje stvari\programi ftn\lprs2\lab2\lab2\HDL\source\coregen\char_rom\char_rom_def.vhd" into library work
Parsing entity <char_rom_def>.
Parsing architecture <char_rom_def_a> of entity <char_rom_def>.
Parsing VHDL file "G:\moje stvari\programi ftn\lprs2\lab2\lab2\HDL\source\rtl\vhdl\vga.vhd" into library work
Parsing entity <vga>.
Parsing architecture <rtl> of entity <vga>.
Parsing VHDL file "G:\moje stvari\programi ftn\lprs2\lab2\lab2\HDL\source\rtl\vhdl\text_mem.vhd" into library work
Parsing entity <text_mem>.
Parsing architecture <arc_text_mem> of entity <text_mem>.
Parsing VHDL file "G:\moje stvari\programi ftn\lprs2\lab2\lab2\HDL\source\rtl\vhdl\graphics_mem.vhd" into library work
Parsing entity <graphics_mem>.
Parsing architecture <arc_graphics_mem> of entity <graphics_mem>.
Parsing VHDL file "G:\moje stvari\programi ftn\lprs2\lab2\lab2\HDL\source\rtl\vhdl\char_rom.vhd" into library work
Parsing entity <char_rom>.
Parsing architecture <Behavioral> of entity <char_rom>.
Parsing VHDL file "G:\moje stvari\programi ftn\lprs2\lab2\lab2\HDL\source\rtl\vhdl\vga_top.vhd" into library work
Parsing entity <vga_top>.
Parsing architecture <rtl> of entity <vga_top>.
Parsing VHDL file "G:\downloads\lab2-master\HDL\source\rtl\vhdl\reg.vhd" into library work
Parsing entity <reg>.
Parsing architecture <arch_reg> of entity <reg>.
Parsing VHDL file "G:\moje stvari\programi ftn\lprs2\lab2\lab2\HDL\source\rtl\vhdl\top.vhd" into library work
Parsing entity <top>.
Parsing architecture <rtl> of entity <top>.

=========================================================================
*                            HDL Elaboration                            *
=========================================================================

Elaborating entity <top> (architecture <rtl>) with generics from library <work>.
WARNING:HDLCompiler:1127 - "G:\moje stvari\programi ftn\lprs2\lab2\lab2\HDL\source\rtl\vhdl\top.vhd" Line 180: Assignment to message_lenght ignored, since the identifier is never used
WARNING:HDLCompiler:1127 - "G:\moje stvari\programi ftn\lprs2\lab2\lab2\HDL\source\rtl\vhdl\top.vhd" Line 185: Assignment to graphics_lenght ignored, since the identifier is never used
WARNING:HDLCompiler:1127 - "G:\moje stvari\programi ftn\lprs2\lab2\lab2\HDL\source\rtl\vhdl\top.vhd" Line 188: Assignment to direct_mode ignored, since the identifier is never used
WARNING:HDLCompiler:1127 - "G:\moje stvari\programi ftn\lprs2\lab2\lab2\HDL\source\rtl\vhdl\top.vhd" Line 189: Assignment to display_mode ignored, since the identifier is never used
WARNING:HDLCompiler:89 - "G:\moje stvari\programi ftn\lprs2\lab2\lab2\HDL\source\rtl\vhdl\top.vhd" Line 108: <oddr2> remains a black-box since it has no binding entity.

Elaborating entity <vga_top> (architecture <rtl>) with generics from library <work>.

Elaborating entity <vga> (architecture <rtl>) with generics from library <work>.
WARNING:HDLCompiler:89 - "G:\moje stvari\programi ftn\lprs2\lab2\lab2\HDL\source\rtl\vhdl\vga.vhd" Line 123: <srl16> remains a black-box since it has no binding entity.

Elaborating entity <vga_sync> (architecture <rtl>) with generics from library <work>.

Elaborating entity <dcm25MHz> (architecture <xilinx>) from library <work>.

Elaborating entity <char_rom> (architecture <Behavioral>) from library <work>.

Elaborating entity <char_rom_def> (architecture <char_rom_def_a>) from library <work>.
INFO:HDLCompiler:679 - "G:\moje stvari\programi ftn\lprs2\lab2\lab2\HDL\source\rtl\vhdl\char_rom.vhd" Line 77. Case statement is complete. others clause is never selected

Elaborating entity <text_mem> (architecture <arc_text_mem>) with generics from library <work>.

Elaborating entity <graphics_mem> (architecture <arc_graphics_mem>) with generics from library <work>.
WARNING:HDLCompiler:1127 - "G:\moje stvari\programi ftn\lprs2\lab2\lab2\HDL\source\rtl\vhdl\vga_top.vhd" Line 301: Assignment to grid_size ignored, since the identifier is never used

Elaborating entity <reg> (architecture <arch_reg>) with generics from library <work>.

Elaborating entity <reg> (architecture <arch_reg>) with generics from library <work>.

=========================================================================
*                           HDL Synthesis                               *
=========================================================================

Synthesizing Unit <top>.
    Related source file is "G:\moje stvari\programi ftn\lprs2\lab2\lab2\HDL\source\rtl\vhdl\top.vhd".
        RES_TYPE = 1
        TEXT_MEM_DATA_WIDTH = 6
        GRAPH_MEM_DATA_WIDTH = 32
INFO:Xst:3210 - "G:\moje stvari\programi ftn\lprs2\lab2\lab2\HDL\source\rtl\vhdl\top.vhd" line 216: Output port <dir_pixel_row_o> of the instance <vga_top_i> is unconnected or connected to loadless signal.
    Found 14-bit adder for signal <char_address[13]_GND_5_o_add_13_OUT> created at line 292.
    Found 20-bit adder for signal <pixel_address[19]_GND_5_o_add_16_OUT> created at line 295.
    Found 8x6-bit Read Only RAM for signal <_n0109>
    Found 11-bit comparator greater for signal <n0011> created at line 304
    Found 11-bit comparator greater for signal <dir_pixel_column[10]_GND_5_o_LessThan_20_o> created at line 304
    Found 11-bit comparator greater for signal <dir_pixel_column[10]_GND_5_o_LessThan_21_o> created at line 304
    Found 11-bit comparator greater for signal <dir_pixel_column[10]_GND_5_o_LessThan_23_o> created at line 305
    Found 11-bit comparator greater for signal <dir_pixel_column[10]_GND_5_o_LessThan_25_o> created at line 305
    Found 11-bit comparator greater for signal <dir_pixel_column[10]_GND_5_o_LessThan_27_o> created at line 305
    Found 11-bit comparator greater for signal <dir_pixel_column[10]_GND_5_o_LessThan_29_o> created at line 305
    Found 20-bit comparator lessequal for signal <n0047> created at line 329
    Summary:
	inferred   1 RAM(s).
	inferred   2 Adder/Subtractor(s).
	inferred   8 Comparator(s).
	inferred   3 Multiplexer(s).
Unit <top> synthesized.

Synthesizing Unit <vga_top>.
    Related source file is "G:\moje stvari\programi ftn\lprs2\lab2\lab2\HDL\source\rtl\vhdl\vga_top.vhd".
        H_RES = 640
        V_RES = 480
        MEM_ADDR_WIDTH = 14
        GRAPH_MEM_ADDR_WIDTH = 20
        TEXT_MEM_DATA_WIDTH = 6
        GRAPH_MEM_DATA_WIDTH = 32
        RES_TYPE = 1
        MEM_SIZE = 4800
    Found 22-bit adder for signal <graph_pixel_addr_c> created at line 267.
    Found 22-bit adder for signal <txt_rom_addr_c> created at line 271.
    Found 11x11-bit multiplier for signal <n0100> created at line 267.
    Found 11x11-bit multiplier for signal <n0103> created at line 271.
    Found 1-bit 3-to-1 multiplexer for signal <active_pixel_s_rom_out_s_MUX_75_o> created at line 221.
WARNING:Xst:737 - Found 1-bit latch for signal <active_pixel_s>. Latches may be generated from incomplete case or if statements. We do not recommend the use of latches in FPGA/CPLD designs, as they may lead to timing problems.
    Summary:
	inferred   2 Multiplier(s).
	inferred   2 Adder/Subtractor(s).
	inferred   1 Latch(s).
	inferred   1 Multiplexer(s).
Unit <vga_top> synthesized.

Synthesizing Unit <vga>.
    Related source file is "G:\moje stvari\programi ftn\lprs2\lab2\lab2\HDL\source\rtl\vhdl\vga.vhd".
        RESOLUTION_TYPE = 1
        H_RES = 640
        V_RES = 480
    Found 1-bit register for signal <locked_del_reg_r>.
    Summary:
	inferred   1 D-type flip-flop(s).
Unit <vga> synthesized.

Synthesizing Unit <vga_sync>.
    Related source file is "G:\moje stvari\programi ftn\lprs2\lab2\lab2\HDL\source\rtl\vhdl\vga_sync.vhd".
        HORIZONTAL_RES = 640
        VERTICAL_RES = 480
        FRAME_SIZE = 4
    Found 1-bit register for signal <horiz_sync_r>.
    Found 11-bit register for signal <v_count_r>.
    Found 1-bit register for signal <vert_sync_r>.
    Found 1-bit register for signal <horiz_sync_out_r>.
    Found 1-bit register for signal <vert_sync_out_r>.
    Found 1-bit register for signal <psave_r>.
    Found 1-bit register for signal <blank_r>.
    Found 1-bit register for signal <sync_r>.
    Found 1-bit register for signal <horiz_sync_out_d_r>.
    Found 1-bit register for signal <vert_sync_out_d_r>.
    Found 1-bit register for signal <psave_d_r>.
    Found 1-bit register for signal <blank_d_r>.
    Found 1-bit register for signal <sync_d_r>.
    Found 8-bit register for signal <red_r>.
    Found 8-bit register for signal <green_r>.
    Found 8-bit register for signal <blue_r>.
    Found 11-bit register for signal <h_count_r>.
    Found 11-bit adder for signal <h_count_r[10]_GND_11_o_add_12_OUT> created at line 212.
    Found 11-bit adder for signal <v_count_r[10]_GND_11_o_add_28_OUT> created at line 247.
    Found 12-bit comparator greater for signal <BUS_0002_GND_11_o_LessThan_12_o> created at line 212
    Found 12-bit comparator lessequal for signal <n0017> created at line 229
    Found 12-bit comparator greater for signal <BUS_0006_GND_11_o_LessThan_21_o> created at line 229
    Found 12-bit comparator lessequal for signal <BUS_0011_GND_11_o_LessThan_28_o> created at line 247
    Found 12-bit comparator lessequal for signal <n0038> created at line 266
    Found 12-bit comparator greater for signal <BUS_0017_GND_11_o_LessThan_41_o> created at line 266
    Found 11-bit comparator lessequal for signal <n0047> created at line 279
    Found 11-bit comparator lessequal for signal <n0049> created at line 279
    Found 11-bit comparator greater for signal <v_count_r[10]_GND_11_o_LessThan_62_o> created at line 370
    Found 11-bit comparator greater for signal <GND_11_o_v_count_r[10]_LessThan_63_o> created at line 371
    Found 11-bit comparator greater for signal <h_count_r[10]_GND_11_o_LessThan_64_o> created at line 372
    Found 11-bit comparator greater for signal <GND_11_o_h_count_r[10]_LessThan_65_o> created at line 373
    Summary:
	inferred   2 Adder/Subtractor(s).
	inferred  58 D-type flip-flop(s).
	inferred  12 Comparator(s).
	inferred   4 Multiplexer(s).
Unit <vga_sync> synthesized.

Synthesizing Unit <dcm25MHz>.
    Related source file is "G:\moje stvari\programi ftn\lprs2\lab2\lab2\HDL\source\coregen\dcm25MHz.vhd".
    Summary:
	no macro.
Unit <dcm25MHz> synthesized.

Synthesizing Unit <char_rom>.
    Related source file is "G:\moje stvari\programi ftn\lprs2\lab2\lab2\HDL\source\rtl\vhdl\char_rom.vhd".
    Found 1-bit 8-to-1 multiplexer for signal <rom_mux_output_o> created at line 67.
    Summary:
	inferred   1 Multiplexer(s).
Unit <char_rom> synthesized.

Synthesizing Unit <text_mem>.
    Related source file is "G:\moje stvari\programi ftn\lprs2\lab2\lab2\HDL\source\rtl\vhdl\text_mem.vhd".
        MEM_ADDR_WIDTH = 14
        MEM_DATA_WIDTH = 6
        MEM_SIZE = 4800
WARNING:Xst:647 - Input <wr_addr_i<13:13>> is never used. This port will be preserved and left unconnected if it belongs to a top-level block or it belongs to a sub-block and the hierarchy of this sub-block is preserved.
WARNING:Xst:647 - Input <reset_n_i> is never used. This port will be preserved and left unconnected if it belongs to a top-level block or it belongs to a sub-block and the hierarchy of this sub-block is preserved.
WARNING:Xst:3035 - Index value(s) does not match array range for signal <text_mem>, simulation mismatch.
    Found 4800x6-bit dual-port RAM <Mram_text_mem> for signal <text_mem>.
    Found 6-bit register for signal <rd_data_o>.
    Found 31-bit comparator greater for signal <index_t[30]_GND_22_o_LessThan_5_o> created at line 60
    Summary:
	inferred   1 RAM(s).
	inferred   6 D-type flip-flop(s).
	inferred   1 Comparator(s).
	inferred   1 Multiplexer(s).
Unit <text_mem> synthesized.

Synthesizing Unit <graphics_mem>.
    Related source file is "G:\moje stvari\programi ftn\lprs2\lab2\lab2\HDL\source\rtl\vhdl\graphics_mem.vhd".
        MEM_ADDR_WIDTH = 20
        MEM_DATA_WIDTH = 32
        MEM_SIZE = 307200
WARNING:Xst:647 - Input <reset_n_i> is never used. This port will be preserved and left unconnected if it belongs to a top-level block or it belongs to a sub-block and the hierarchy of this sub-block is preserved.
WARNING:Xst:3035 - Index value(s) does not match array range for signal <graphics_mem>, simulation mismatch.
    Found 9600x32-bit dual-port RAM <Mram_graphics_mem> for signal <graphics_mem>.
    Found 32-bit register for signal <rd_value>.
    Found 1-bit 32-to-1 multiplexer for signal <rd_data_o> created at line 81.
    Found 31-bit comparator greater for signal <index_0_t[30]_GND_40_o_LessThan_8_o> created at line 84
    Found 31-bit comparator greater for signal <index_1_t[30]_GND_40_o_LessThan_11_o> created at line 87
    Found 31-bit comparator greater for signal <index_2_t[30]_GND_40_o_LessThan_14_o> created at line 90
    Summary:
	inferred   1 RAM(s).
	inferred  32 D-type flip-flop(s).
	inferred   3 Comparator(s).
	inferred   8 Multiplexer(s).
Unit <graphics_mem> synthesized.

Synthesizing Unit <reg_1>.
    Related source file is "G:\downloads\lab2-master\HDL\source\rtl\vhdl\reg.vhd".
        WIDTH = 14
        RST_INIT = 0
    Found 14-bit register for signal <r_q>.
    Summary:
	inferred  14 D-type flip-flop(s).
Unit <reg_1> synthesized.

Synthesizing Unit <reg_2>.
    Related source file is "G:\downloads\lab2-master\HDL\source\rtl\vhdl\reg.vhd".
        WIDTH = 20
        RST_INIT = 0
    Found 20-bit register for signal <r_q>.
    Summary:
	inferred  20 D-type flip-flop(s).
Unit <reg_2> synthesized.

Synthesizing Unit <mod_20u_5u>.
    Related source file is "".
    Found 25-bit adder for signal <GND_92_o_b[4]_add_1_OUT> created at line 0.
    Found 24-bit adder for signal <GND_92_o_b[4]_add_3_OUT> created at line 0.
    Found 23-bit adder for signal <GND_92_o_b[4]_add_5_OUT> created at line 0.
    Found 22-bit adder for signal <GND_92_o_b[4]_add_7_OUT> created at line 0.
    Found 21-bit adder for signal <GND_92_o_b[4]_add_9_OUT> created at line 0.
    Found 20-bit adder for signal <a[19]_b[4]_add_11_OUT> created at line 0.
    Found 20-bit adder for signal <a[19]_GND_92_o_add_13_OUT> created at line 0.
    Found 20-bit adder for signal <a[19]_GND_92_o_add_15_OUT> created at line 0.
    Found 20-bit adder for signal <a[19]_GND_92_o_add_17_OUT> created at line 0.
    Found 20-bit adder for signal <a[19]_GND_92_o_add_19_OUT> created at line 0.
    Found 20-bit adder for signal <a[19]_GND_92_o_add_21_OUT> created at line 0.
    Found 20-bit adder for signal <a[19]_GND_92_o_add_23_OUT> created at line 0.
    Found 20-bit adder for signal <a[19]_GND_92_o_add_25_OUT> created at line 0.
    Found 20-bit adder for signal <a[19]_GND_92_o_add_27_OUT> created at line 0.
    Found 20-bit adder for signal <a[19]_GND_92_o_add_29_OUT> created at line 0.
    Found 20-bit adder for signal <a[19]_GND_92_o_add_31_OUT> created at line 0.
    Found 20-bit adder for signal <a[19]_GND_92_o_add_33_OUT> created at line 0.
    Found 20-bit adder for signal <a[19]_GND_92_o_add_35_OUT> created at line 0.
    Found 20-bit adder for signal <a[19]_GND_92_o_add_37_OUT> created at line 0.
    Found 20-bit adder for signal <a[19]_GND_92_o_add_39_OUT> created at line 0.
    Found 20-bit adder for signal <a[19]_GND_92_o_add_41_OUT> created at line 0.
    Found 25-bit comparator lessequal for signal <BUS_0001> created at line 0
    Found 24-bit comparator lessequal for signal <BUS_0002> created at line 0
    Found 23-bit comparator lessequal for signal <BUS_0003> created at line 0
    Found 22-bit comparator lessequal for signal <BUS_0004> created at line 0
    Found 21-bit comparator lessequal for signal <BUS_0005> created at line 0
    Found 20-bit comparator lessequal for signal <BUS_0006> created at line 0
    Found 20-bit comparator lessequal for signal <BUS_0007> created at line 0
    Found 20-bit comparator lessequal for signal <BUS_0008> created at line 0
    Found 20-bit comparator lessequal for signal <BUS_0009> created at line 0
    Found 20-bit comparator lessequal for signal <BUS_0010> created at line 0
    Found 20-bit comparator lessequal for signal <BUS_0011> created at line 0
    Found 20-bit comparator lessequal for signal <BUS_0012> created at line 0
    Found 20-bit comparator lessequal for signal <BUS_0013> created at line 0
    Found 20-bit comparator lessequal for signal <BUS_0014> created at line 0
    Found 20-bit comparator lessequal for signal <BUS_0015> created at line 0
    Found 20-bit comparator lessequal for signal <BUS_0016> created at line 0
    Found 20-bit comparator lessequal for signal <BUS_0017> created at line 0
    Found 20-bit comparator lessequal for signal <BUS_0018> created at line 0
    Found 20-bit comparator lessequal for signal <BUS_0019> created at line 0
    Found 20-bit comparator lessequal for signal <BUS_0020> created at line 0
    Found 20-bit comparator lessequal for signal <BUS_0021> created at line 0
    Summary:
	inferred  21 Adder/Subtractor(s).
	inferred  21 Comparator(s).
	inferred 401 Multiplexer(s).
Unit <mod_20u_5u> synthesized.

=========================================================================
HDL Synthesis Report

Macro Statistics
# RAMs                                                 : 3
 4800x6-bit dual-port RAM                              : 1
 8x6-bit single-port Read Only RAM                     : 1
 9600x32-bit dual-port RAM                             : 1
# Multipliers                                          : 2
 11x11-bit multiplier                                  : 2
# Adders/Subtractors                                   : 27
 11-bit adder                                          : 2
 14-bit adder                                          : 1
 20-bit adder                                          : 17
 21-bit adder                                          : 1
 22-bit adder                                          : 3
 23-bit adder                                          : 1
 24-bit adder                                          : 1
 25-bit adder                                          : 1
# Registers                                            : 22
 1-bit register                                        : 13
 11-bit register                                       : 2
 14-bit register                                       : 1
 20-bit register                                       : 1
 32-bit register                                       : 1
 6-bit register                                        : 1
 8-bit register                                        : 3
# Latches                                              : 1
 1-bit latch                                           : 1
# Comparators                                          : 45
 11-bit comparator greater                             : 11
 11-bit comparator lessequal                           : 2
 12-bit comparator greater                             : 3
 12-bit comparator lessequal                           : 3
 20-bit comparator lessequal                           : 17
 21-bit comparator lessequal                           : 1
 22-bit comparator lessequal                           : 1
 23-bit comparator lessequal                           : 1
 24-bit comparator lessequal                           : 1
 25-bit comparator lessequal                           : 1
 31-bit comparator greater                             : 4
# Multiplexers                                         : 419
 1-bit 2-to-1 multiplexer                              : 405
 1-bit 3-to-1 multiplexer                              : 1
 1-bit 32-to-1 multiplexer                             : 1
 1-bit 8-to-1 multiplexer                              : 1
 14-bit 2-to-1 multiplexer                             : 1
 20-bit 2-to-1 multiplexer                             : 1
 31-bit 2-to-1 multiplexer                             : 3
 5-bit 2-to-1 multiplexer                              : 1
 6-bit 2-to-1 multiplexer                              : 1
 8-bit 2-to-1 multiplexer                              : 4
# Xors                                                 : 1
 1-bit xor2                                            : 1

=========================================================================

=========================================================================
*                       Advanced HDL Synthesis                          *
=========================================================================

Reading core <../../source/coregen/char_rom/char_rom_def.ngc>.
Loading core <char_rom_def> for timing and area information for instance <BRAM_MEM_I>.
INFO:Xst:1901 - Instance B6 in unit char_rom_def of type RAMB16_S9 has been replaced by RAMB16BWER

Synthesizing (advanced) Unit <graphics_mem>.
INFO:Xst:3226 - The RAM <Mram_graphics_mem> will be implemented as a BLOCK RAM, absorbing the following register(s): <rd_value>
    -----------------------------------------------------------------------
    | ram_type           | Block                               |          |
    -----------------------------------------------------------------------
    | Port A                                                              |
    |     aspect ratio   | 9600-word x 32-bit                  |          |
    |     mode           | read-first                          |          |
    |     clkA           | connected to signal <clk_i>         | rise     |
    |     weA            | connected to signal <VCC>           | high     |
    |     addrA          | connected to signal <index_2>       |          |
    |     diA            | connected to signal <wr_data_i>     |          |
    -----------------------------------------------------------------------
    | optimization       | speed                               |          |
    -----------------------------------------------------------------------
    | Port B                                                              |
    |     aspect ratio   | 9600-word x 32-bit                  |          |
    |     mode           | write-first                         |          |
    |     clkB           | connected to signal <clk_i>         | rise     |
    |     addrB          | connected to signal <index_0>       |          |
    |     doB            | connected to signal <rd_value>      |          |
    -----------------------------------------------------------------------
    | optimization       | speed                               |          |
    -----------------------------------------------------------------------
Unit <graphics_mem> synthesized (advanced).

Synthesizing (advanced) Unit <text_mem>.
INFO:Xst:3226 - The RAM <Mram_text_mem> will be implemented as a BLOCK RAM, absorbing the following register(s): <rd_data_o>
    -----------------------------------------------------------------------
    | ram_type           | Block                               |          |
    -----------------------------------------------------------------------
    | Port A                                                              |
    |     aspect ratio   | 4800-word x 6-bit                   |          |
    |     mode           | read-first                          |          |
    |     clkA           | connected to signal <clk_i>         | rise     |
    |     weA            | connected to signal <VCC>           | high     |
    |     addrA          | connected to signal <wr_addr_i>     |          |
    |     diA            | connected to signal <wr_data_i>     |          |
    -----------------------------------------------------------------------
    | optimization       | speed                               |          |
    -----------------------------------------------------------------------
    | Port B                                                              |
    |     aspect ratio   | 4800-word x 6-bit                   |          |
    |     mode           | write-first                         |          |
    |     clkB           | connected to signal <clk_i>         | rise     |
    |     addrB          | connected to signal <index>         |          |
    |     doB            | connected to signal <rd_data_o>     |          |
    -----------------------------------------------------------------------
    | optimization       | speed                               |          |
    -----------------------------------------------------------------------
Unit <text_mem> synthesized (advanced).

Synthesizing (advanced) Unit <top>.
The following registers are absorbed into counter <cnt_reg/r_q>: 1 register on signal <cnt_reg/r_q>.
The following registers are absorbed into counter <cnt_reg2/r_q>: 1 register on signal <cnt_reg2/r_q>.
INFO:Xst:3218 - HDL ADVISOR - The RAM <Mram__n0109> will be implemented on LUTs either because you have described an asynchronous read or because of currently unsupported block RAM features. If you have described an asynchronous read, making it synchronous would allow you to take advantage of available block RAM resources, for optimized device usage and improved timings. Please refer to your documentation for coding guidelines.
    -----------------------------------------------------------------------
    | ram_type           | Distributed                         |          |
    -----------------------------------------------------------------------
    | Port A                                                              |
    |     aspect ratio   | 8-word x 6-bit                      |          |
    |     weA            | connected to signal <GND>           | high     |
    |     addrA          | connected to signal <char_address<2:0>> |          |
    |     diA            | connected to signal <GND>           |          |
    |     doA            | connected to internal node          |          |
    -----------------------------------------------------------------------
Unit <top> synthesized (advanced).

Synthesizing (advanced) Unit <vga_sync>.
The following registers are absorbed into counter <h_count_r>: 1 register on signal <h_count_r>.
The following registers are absorbed into counter <v_count_r>: 1 register on signal <v_count_r>.
Unit <vga_sync> synthesized (advanced).

Synthesizing (advanced) Unit <vga_top>.
	Multiplier <Mmult_n0100> in block <vga_top> and adder/subtractor <Madd_graph_pixel_addr_c_Madd> in block <vga_top> are combined into a MAC<Maddsub_n0100>.
	Multiplier <Mmult_n0103> in block <vga_top> and adder/subtractor <Madd_txt_rom_addr_c_Madd> in block <vga_top> are combined into a MAC<Maddsub_n0103>.
Unit <vga_top> synthesized (advanced).

=========================================================================
Advanced HDL Synthesis Report

Macro Statistics
# RAMs                                                 : 3
 4800x6-bit dual-port block RAM                        : 1
 8x6-bit single-port distributed Read Only RAM         : 1
 9600x32-bit dual-port block RAM                       : 1
# MACs                                                 : 2
 11x11-to-20-bit MAC                                   : 1
 8x7-to-14-bit MAC                                     : 1
# Adders/Subtractors                                   : 21
 20-bit adder                                          : 20
 5-bit adder                                           : 1
# Counters                                             : 4
 11-bit up counter                                     : 2
 14-bit up counter                                     : 1
 20-bit up counter                                     : 1
# Registers                                            : 37
 Flip-Flops                                            : 37
# Comparators                                          : 45
 11-bit comparator greater                             : 11
 11-bit comparator lessequal                           : 2
 12-bit comparator greater                             : 3
 12-bit comparator lessequal                           : 3
 20-bit comparator lessequal                           : 17
 21-bit comparator lessequal                           : 1
 22-bit comparator lessequal                           : 1
 23-bit comparator lessequal                           : 1
 24-bit comparator lessequal                           : 1
 25-bit comparator lessequal                           : 1
 31-bit comparator greater                             : 4
# Multiplexers                                         : 417
 1-bit 2-to-1 multiplexer                              : 405
 1-bit 3-to-1 multiplexer                              : 1
 1-bit 32-to-1 multiplexer                             : 1
 1-bit 8-to-1 multiplexer                              : 1
 31-bit 2-to-1 multiplexer                             : 3
 5-bit 2-to-1 multiplexer                              : 1
 6-bit 2-to-1 multiplexer                              : 1
 8-bit 2-to-1 multiplexer                              : 4
# Xors                                                 : 1
 1-bit xor2                                            : 1

=========================================================================

=========================================================================
*                         Low Level Synthesis                           *
=========================================================================
INFO:Xst:2261 - The FF/Latch <red_r_0> in Unit <vga_sync> is equivalent to the following 7 FFs/Latches, which will be removed : <red_r_1> <red_r_2> <red_r_3> <red_r_4> <red_r_5> <red_r_6> <red_r_7> 
INFO:Xst:2261 - The FF/Latch <green_r_0> in Unit <vga_sync> is equivalent to the following 7 FFs/Latches, which will be removed : <green_r_1> <green_r_2> <green_r_3> <green_r_4> <green_r_5> <green_r_6> <green_r_7> 
INFO:Xst:2261 - The FF/Latch <blue_r_0> in Unit <vga_sync> is equivalent to the following 7 FFs/Latches, which will be removed : <blue_r_1> <blue_r_2> <blue_r_3> <blue_r_4> <blue_r_5> <blue_r_6> <blue_r_7> 

Optimizing unit <top> ...

Optimizing unit <vga_top> ...

Optimizing unit <vga_sync> ...

Optimizing unit <graphics_mem> ...

Optimizing unit <mod_20u_5u> ...
INFO:Xst:2399 - RAMs <vga_top_i/graphics_mem_i/Mram_graphics_mem32>, <vga_top_i/graphics_mem_i/Mram_graphics_mem31> are equivalent, second RAM is removed
INFO:Xst:2399 - RAMs <vga_top_i/graphics_mem_i/Mram_graphics_mem32>, <vga_top_i/graphics_mem_i/Mram_graphics_mem29> are equivalent, second RAM is removed
INFO:Xst:2399 - RAMs <vga_top_i/graphics_mem_i/Mram_graphics_mem32>, <vga_top_i/graphics_mem_i/Mram_graphics_mem28> are equivalent, second RAM is removed
INFO:Xst:2399 - RAMs <vga_top_i/graphics_mem_i/Mram_graphics_mem32>, <vga_top_i/graphics_mem_i/Mram_graphics_mem30> are equivalent, second RAM is removed
INFO:Xst:2399 - RAMs <vga_top_i/graphics_mem_i/Mram_graphics_mem32>, <vga_top_i/graphics_mem_i/Mram_graphics_mem27> are equivalent, second RAM is removed
INFO:Xst:2399 - RAMs <vga_top_i/graphics_mem_i/Mram_graphics_mem32>, <vga_top_i/graphics_mem_i/Mram_graphics_mem26> are equivalent, second RAM is removed
INFO:Xst:2399 - RAMs <vga_top_i/graphics_mem_i/Mram_graphics_mem32>, <vga_top_i/graphics_mem_i/Mram_graphics_mem24> are equivalent, second RAM is removed
INFO:Xst:2399 - RAMs <vga_top_i/graphics_mem_i/Mram_graphics_mem32>, <vga_top_i/graphics_mem_i/Mram_graphics_mem23> are equivalent, second RAM is removed
INFO:Xst:2399 - RAMs <vga_top_i/graphics_mem_i/Mram_graphics_mem32>, <vga_top_i/graphics_mem_i/Mram_graphics_mem25> are equivalent, second RAM is removed
INFO:Xst:2399 - RAMs <vga_top_i/graphics_mem_i/Mram_graphics_mem32>, <vga_top_i/graphics_mem_i/Mram_graphics_mem22> are equivalent, second RAM is removed
INFO:Xst:2399 - RAMs <vga_top_i/graphics_mem_i/Mram_graphics_mem32>, <vga_top_i/graphics_mem_i/Mram_graphics_mem21> are equivalent, second RAM is removed
INFO:Xst:2399 - RAMs <vga_top_i/graphics_mem_i/Mram_graphics_mem32>, <vga_top_i/graphics_mem_i/Mram_graphics_mem19> are equivalent, second RAM is removed
INFO:Xst:2399 - RAMs <vga_top_i/graphics_mem_i/Mram_graphics_mem32>, <vga_top_i/graphics_mem_i/Mram_graphics_mem18> are equivalent, second RAM is removed
INFO:Xst:2399 - RAMs <vga_top_i/graphics_mem_i/Mram_graphics_mem32>, <vga_top_i/graphics_mem_i/Mram_graphics_mem20> are equivalent, second RAM is removed
INFO:Xst:2399 - RAMs <vga_top_i/graphics_mem_i/Mram_graphics_mem32>, <vga_top_i/graphics_mem_i/Mram_graphics_mem16> are equivalent, second RAM is removed
INFO:Xst:2399 - RAMs <vga_top_i/graphics_mem_i/Mram_graphics_mem32>, <vga_top_i/graphics_mem_i/Mram_graphics_mem15> are equivalent, second RAM is removed
INFO:Xst:2399 - RAMs <vga_top_i/graphics_mem_i/Mram_graphics_mem32>, <vga_top_i/graphics_mem_i/Mram_graphics_mem17> are equivalent, second RAM is removed
INFO:Xst:2399 - RAMs <vga_top_i/graphics_mem_i/Mram_graphics_mem32>, <vga_top_i/graphics_mem_i/Mram_graphics_mem13> are equivalent, second RAM is removed
INFO:Xst:2399 - RAMs <vga_top_i/graphics_mem_i/Mram_graphics_mem32>, <vga_top_i/graphics_mem_i/Mram_graphics_mem12> are equivalent, second RAM is removed
INFO:Xst:2399 - RAMs <vga_top_i/graphics_mem_i/Mram_graphics_mem32>, <vga_top_i/graphics_mem_i/Mram_graphics_mem14> are equivalent, second RAM is removed
INFO:Xst:2399 - RAMs <vga_top_i/graphics_mem_i/Mram_graphics_mem32>, <vga_top_i/graphics_mem_i/Mram_graphics_mem11> are equivalent, second RAM is removed
INFO:Xst:2399 - RAMs <vga_top_i/graphics_mem_i/Mram_graphics_mem32>, <vga_top_i/graphics_mem_i/Mram_graphics_mem10> are equivalent, second RAM is removed
INFO:Xst:2399 - RAMs <vga_top_i/graphics_mem_i/Mram_graphics_mem32>, <vga_top_i/graphics_mem_i/Mram_graphics_mem8> are equivalent, second RAM is removed
INFO:Xst:2399 - RAMs <vga_top_i/graphics_mem_i/Mram_graphics_mem32>, <vga_top_i/graphics_mem_i/Mram_graphics_mem7> are equivalent, second RAM is removed
INFO:Xst:2399 - RAMs <vga_top_i/graphics_mem_i/Mram_graphics_mem32>, <vga_top_i/graphics_mem_i/Mram_graphics_mem9> are equivalent, second RAM is removed
INFO:Xst:2399 - RAMs <vga_top_i/graphics_mem_i/Mram_graphics_mem32>, <vga_top_i/graphics_mem_i/Mram_graphics_mem5> are equivalent, second RAM is removed
INFO:Xst:2399 - RAMs <vga_top_i/graphics_mem_i/Mram_graphics_mem32>, <vga_top_i/graphics_mem_i/Mram_graphics_mem4> are equivalent, second RAM is removed
INFO:Xst:2399 - RAMs <vga_top_i/graphics_mem_i/Mram_graphics_mem32>, <vga_top_i/graphics_mem_i/Mram_graphics_mem6> are equivalent, second RAM is removed
INFO:Xst:2399 - RAMs <vga_top_i/graphics_mem_i/Mram_graphics_mem32>, <vga_top_i/graphics_mem_i/Mram_graphics_mem2> are equivalent, second RAM is removed
INFO:Xst:2399 - RAMs <vga_top_i/graphics_mem_i/Mram_graphics_mem32>, <vga_top_i/graphics_mem_i/Mram_graphics_mem1> are equivalent, second RAM is removed
INFO:Xst:2399 - RAMs <vga_top_i/graphics_mem_i/Mram_graphics_mem32>, <vga_top_i/graphics_mem_i/Mram_graphics_mem3> are equivalent, second RAM is removed
WARNING:Xst:1710 - FF/Latch <cnt_reg2/r_q_11> (without init value) has a constant value of 0 in block <top>. This FF/Latch will be trimmed during the optimization process.
WARNING:Xst:1710 - FF/Latch <cnt_reg2/r_q_12> (without init value) has a constant value of 0 in block <top>. This FF/Latch will be trimmed during the optimization process.
WARNING:Xst:1710 - FF/Latch <cnt_reg2/r_q_13> (without init value) has a constant value of 0 in block <top>. This FF/Latch will be trimmed during the optimization process.
WARNING:Xst:1710 - FF/Latch <cnt_reg2/r_q_14> (without init value) has a constant value of 0 in block <top>. This FF/Latch will be trimmed during the optimization process.
WARNING:Xst:1710 - FF/Latch <cnt_reg2/r_q_15> (without init value) has a constant value of 0 in block <top>. This FF/Latch will be trimmed during the optimization process.
WARNING:Xst:1710 - FF/Latch <cnt_reg2/r_q_16> (without init value) has a constant value of 0 in block <top>. This FF/Latch will be trimmed during the optimization process.
WARNING:Xst:1710 - FF/Latch <cnt_reg2/r_q_17> (without init value) has a constant value of 0 in block <top>. This FF/Latch will be trimmed during the optimization process.
WARNING:Xst:1710 - FF/Latch <cnt_reg2/r_q_18> (without init value) has a constant value of 0 in block <top>. This FF/Latch will be trimmed during the optimization process.
WARNING:Xst:1710 - FF/Latch <cnt_reg2/r_q_19> (without init value) has a constant value of 0 in block <top>. This FF/Latch will be trimmed during the optimization process.
WARNING:Xst:1710 - FF/Latch <cnt_reg/r_q_11> (without init value) has a constant value of 0 in block <top>. This FF/Latch will be trimmed during the optimization process.
WARNING:Xst:1710 - FF/Latch <cnt_reg/r_q_12> (without init value) has a constant value of 0 in block <top>. This FF/Latch will be trimmed during the optimization process.
WARNING:Xst:1710 - FF/Latch <cnt_reg/r_q_13> (without init value) has a constant value of 0 in block <top>. This FF/Latch will be trimmed during the optimization process.
WARNING:Xst:1710 - FF/Latch <vga_top_i/vga_i/vga_sync_i/h_count_r_10> (without init value) has a constant value of 0 in block <top>. This FF/Latch will be trimmed during the optimization process.
WARNING:Xst:1710 - FF/Latch <vga_top_i/vga_i/vga_sync_i/v_count_r_10> (without init value) has a constant value of 0 in block <top>. This FF/Latch will be trimmed during the optimization process.
INFO:Xst:2261 - The FF/Latch <cnt_reg2/r_q_1> in Unit <top> is equivalent to the following FF/Latch, which will be removed : <cnt_reg/r_q_1> 
INFO:Xst:2261 - The FF/Latch <cnt_reg2/r_q_2> in Unit <top> is equivalent to the following FF/Latch, which will be removed : <cnt_reg/r_q_2> 
INFO:Xst:2261 - The FF/Latch <cnt_reg2/r_q_3> in Unit <top> is equivalent to the following FF/Latch, which will be removed : <cnt_reg/r_q_3> 
INFO:Xst:2261 - The FF/Latch <cnt_reg2/r_q_4> in Unit <top> is equivalent to the following FF/Latch, which will be removed : <cnt_reg/r_q_4> 
INFO:Xst:2261 - The FF/Latch <cnt_reg2/r_q_5> in Unit <top> is equivalent to the following FF/Latch, which will be removed : <cnt_reg/r_q_5> 
INFO:Xst:2261 - The FF/Latch <cnt_reg2/r_q_6> in Unit <top> is equivalent to the following FF/Latch, which will be removed : <cnt_reg/r_q_6> 
INFO:Xst:2261 - The FF/Latch <cnt_reg2/r_q_7> in Unit <top> is equivalent to the following FF/Latch, which will be removed : <cnt_reg/r_q_7> 
INFO:Xst:2261 - The FF/Latch <cnt_reg2/r_q_8> in Unit <top> is equivalent to the following FF/Latch, which will be removed : <cnt_reg/r_q_8> 
INFO:Xst:2261 - The FF/Latch <cnt_reg2/r_q_9> in Unit <top> is equivalent to the following FF/Latch, which will be removed : <cnt_reg/r_q_9> 
INFO:Xst:2261 - The FF/Latch <cnt_reg2/r_q_10> in Unit <top> is equivalent to the following FF/Latch, which will be removed : <cnt_reg/r_q_10> 

Mapping all equations...
Building and optimizing final netlist ...
Found area constraint ratio of 100 (+ 5) on block top, actual ratio is 1.
FlipFlop cnt_reg2/r_q_10 has been replicated 2 time(s)
FlipFlop cnt_reg2/r_q_7 has been replicated 2 time(s)
FlipFlop cnt_reg2/r_q_8 has been replicated 3 time(s)
FlipFlop cnt_reg2/r_q_9 has been replicated 3 time(s)

Final Macro Processing ...

=========================================================================
Final Register Report

Macro Statistics
# Registers                                            : 58
 Flip-Flops                                            : 58

=========================================================================

=========================================================================
*                           Partition Report                            *
=========================================================================

Partition Implementation Status
-------------------------------

  No Partitions were found in this design.

-------------------------------

=========================================================================
*                            Design Summary                             *
=========================================================================

Top Level Output File Name         : top.ngc

Primitive and Black Box Usage:
------------------------------
# BELS                             : 711
#      GND                         : 2
#      INV                         : 14
#      LUT1                        : 29
#      LUT2                        : 54
#      LUT3                        : 28
#      LUT4                        : 42
#      LUT5                        : 36
#      LUT6                        : 265
#      MUXCY                       : 109
#      MUXF7                       : 11
#      VCC                         : 2
#      XORCY                       : 119
# FlipFlops/Latches                : 60
#      FD                          : 1
#      FDC                         : 22
#      FDR                         : 20
#      FDRE                        : 13
#      FDS                         : 1
#      FDSE                        : 1
#      LD                          : 1
#      ODDR2                       : 1
# RAMS                             : 5
#      RAMB16BWER                  : 5
# Shift Registers                  : 1
#      SRL16                       : 1
# Clock Buffers                    : 1
#      BUFG                        : 1
# IO Buffers                       : 35
#      IBUF                        : 4
#      IBUFG                       : 1
#      OBUF                        : 30
# DCMs                             : 1
#      DCM_SP                      : 1
# DSPs                             : 2
#      DSP48A1                     : 2

Device utilization summary:
---------------------------

Selected Device : 6slx45fgg676-2 


Slice Logic Utilization: 
 Number of Slice Registers:              60  out of  54576     0%  
 Number of Slice LUTs:                  469  out of  27288     1%  
    Number used as Logic:               468  out of  27288     1%  
    Number used as Memory:                1  out of   6408     0%  
       Number used as SRL:                1

Slice Logic Distribution: 
 Number of LUT Flip Flop pairs used:    501
   Number with an unused Flip Flop:     441  out of    501    88%  
   Number with an unused LUT:            32  out of    501     6%  
   Number of fully used LUT-FF pairs:    28  out of    501     5%  
   Number of unique control sets:        10

IO Utilization: 
 Number of IOs:                          35
 Number of bonded IOBs:                  35  out of    358     9%  

Specific Feature Utilization:
 Number of Block RAM/FIFO:                5  out of    116     4%  
    Number using Block RAM only:          5
 Number of BUFG/BUFGCTRLs:                1  out of     16     6%  
 Number of DSP48A1s:                      2  out of     58     3%  

---------------------------
Partition Resource Summary:
---------------------------

  No Partitions were found in this design.

---------------------------


=========================================================================
Timing Report

NOTE: THESE TIMING NUMBERS ARE ONLY A SYNTHESIS ESTIMATE.
      FOR ACCURATE TIMING INFORMATION PLEASE REFER TO THE TRACE REPORT
      GENERATED AFTER PLACE-and-ROUTE.

Clock Information:
------------------
---------------------------------------------------------------------------------------------------------------+----------------------------------+-------+
Clock Signal                                                                                                   | Clock buffer(FF name)            | Load  |
---------------------------------------------------------------------------------------------------------------+----------------------------------+-------+
clk_i                                                                                                          | DCM_SP:CLKFX                     | 68    |
vga_top_i/display_mode_i[1]_display_mode_i[1]_OR_22_o(vga_top_i/display_mode_i[1]_display_mode_i[1]_OR_22_o1:O)| NONE(*)(vga_top_i/active_pixel_s)| 1     |
---------------------------------------------------------------------------------------------------------------+----------------------------------+-------+
(*) This 1 clock signal(s) are generated by combinatorial logic,
and XST is not able to identify which are the primary clock signals.
Please use the CLOCK_SIGNAL constraint to specify the clock signal(s) generated by combinatorial logic.
INFO:Xst:2169 - HDL ADVISOR - Some clock signals were not automatically buffered by XST with BUFG/BUFR resources. Please use the buffer_type constraint in order to insert these buffers to the clock signals to help prevent skew problems.

Asynchronous Control Signals Information:
----------------------------------------
No asynchronous control signals found in this design

Timing Summary:
---------------
Speed Grade: -2

   Minimum period: 16.679ns (Maximum Frequency: 59.957MHz)
   Minimum input arrival time before clock: 3.404ns
   Maximum output required time after clock: 4.380ns
   Maximum combinational path delay: No path found

Timing Details:
---------------
All values displayed in nanoseconds (ns)

=========================================================================
Timing constraint: Default period analysis for Clock 'clk_i'
  Clock period: 16.679ns (frequency: 59.957MHz)
  Total number of paths / destination ports: 80771927 / 259
-------------------------------------------------------------------------
Delay:               18.013ns (Levels of Logic = 18)
  Source:            cnt_reg2/r_q_8_1 (FF)
  Destination:       vga_top_i/graphics_mem_i/Mram_graphics_mem32 (RAM)
  Source Clock:      clk_i rising 0.9X
  Destination Clock: clk_i rising 0.9X

  Data Path: cnt_reg2/r_q_8_1 to vga_top_i/graphics_mem_i/Mram_graphics_mem32
                                Gate     Net
    Cell:in->out      fanout   Delay   Delay  Logical Name (Net Name)
    ----------------------------------------  ------------
     FDC:C->Q              2   0.525   0.725  cnt_reg2/r_q_8_1 (cnt_reg2/r_q_8_1)
     INV:I->O              1   0.255   0.000  pixel_address[19]_PWR_5_o_mod_42/Madd_a[19]_GND_92_o_add_29_OUT_lut<8>_INV_0 (pixel_address[19]_PWR_5_o_mod_42/Madd_a[19]_GND_92_o_add_29_OUT_lut<8>)
     MUXCY:S->O            1   0.215   0.000  pixel_address[19]_PWR_5_o_mod_42/Madd_a[19]_GND_92_o_add_29_OUT_cy<8> (pixel_address[19]_PWR_5_o_mod_42/Madd_a[19]_GND_92_o_add_29_OUT_cy<8>)
     MUXCY:CI->O           1   0.023   0.000  pixel_address[19]_PWR_5_o_mod_42/Madd_a[19]_GND_92_o_add_29_OUT_cy<9> (pixel_address[19]_PWR_5_o_mod_42/Madd_a[19]_GND_92_o_add_29_OUT_cy<9>)
     MUXCY:CI->O           1   0.023   0.000  pixel_address[19]_PWR_5_o_mod_42/Madd_a[19]_GND_92_o_add_29_OUT_cy<10> (pixel_address[19]_PWR_5_o_mod_42/Madd_a[19]_GND_92_o_add_29_OUT_cy<10>)
     MUXCY:CI->O           1   0.023   0.000  pixel_address[19]_PWR_5_o_mod_42/Madd_a[19]_GND_92_o_add_29_OUT_cy<11> (pixel_address[19]_PWR_5_o_mod_42/Madd_a[19]_GND_92_o_add_29_OUT_cy<11>)
     XORCY:CI->O          19   0.206   1.261  pixel_address[19]_PWR_5_o_mod_42/Madd_a[19]_GND_92_o_add_29_OUT_xor<12> (pixel_address[19]_PWR_5_o_mod_42/a[19]_GND_92_o_add_29_OUT<12>)
     LUT4:I3->O            6   0.254   1.306  pixel_address[19]_PWR_5_o_mod_42/Mmux_a[12]_a[19]_MUX_654_o11 (pixel_address[19]_PWR_5_o_mod_42/a[12]_a[19]_MUX_654_o)
     LUT6:I1->O            4   0.254   0.804  pixel_address[19]_PWR_5_o_mod_42/BUS_0016_INV_365_o23_1 (pixel_address[19]_PWR_5_o_mod_42/BUS_0016_INV_365_o23)
     LUT6:I5->O           16   0.254   1.290  pixel_address[19]_PWR_5_o_mod_42/BUS_0017_INV_386_o23 (pixel_address[19]_PWR_5_o_mod_42/BUS_0017_INV_386_o22)
     LUT5:I3->O            3   0.250   0.765  pixel_address[19]_PWR_5_o_mod_42/BUS_0017_INV_386_o24_1 (pixel_address[19]_PWR_5_o_mod_42/BUS_0017_INV_386_o24)
     MUXF7:S->O           28   0.185   1.453  pixel_address[19]_PWR_5_o_mod_42/BUS_0018_INV_407_o21 (pixel_address[19]_PWR_5_o_mod_42/BUS_0018_INV_407_o2)
     LUT6:I5->O            2   0.254   0.726  pixel_address[19]_PWR_5_o_mod_42/BUS_0018_INV_407_o23_1 (pixel_address[19]_PWR_5_o_mod_42/BUS_0018_INV_407_o23)
     LUT6:I5->O           20   0.254   1.394  pixel_address[19]_PWR_5_o_mod_42/BUS_0019_INV_428_o22 (pixel_address[19]_PWR_5_o_mod_42/BUS_0019_INV_428_o21)
     LUT6:I4->O            9   0.250   0.976  pixel_address[19]_PWR_5_o_mod_42/BUS_0019_INV_428_o24 (pixel_address[19]_PWR_5_o_mod_42/BUS_0019_INV_428_o)
     LUT6:I5->O            2   0.254   0.726  pixel_address[19]_PWR_5_o_mod_42/BUS_0021_INV_470_o22 (pixel_address[19]_PWR_5_o_mod_42/BUS_0021_INV_470_o21)
     LUT5:I4->O            1   0.254   0.682  pixel_address[19]_PWR_5_o_mod_42/BUS_0021_INV_470_o28_SW0_SW0_SW0 (N520)
     LUT6:I5->O            1   0.254   0.682  pixel_address[19]_PWR_5_o_mod_42/BUS_0021_INV_470_o28_SW0 (N72)
     LUT6:I5->O            1   0.254   0.681  GND_5_o_pixel_address[19]_AND_135_o7 (GND_5_o_pixel_address[19]_AND_135_o)
     RAMB16BWER:DIA0           0.300          vga_top_i/graphics_mem_i/Mram_graphics_mem32
    ----------------------------------------
    Total                     18.013ns (4.542ns logic, 13.471ns route)
                                       (25.2% logic, 74.8% route)

=========================================================================
Timing constraint: Default OFFSET IN BEFORE for Clock 'clk_i'
  Total number of paths / destination ports: 4 / 4
-------------------------------------------------------------------------
Offset:              3.404ns (Levels of Logic = 2)
  Source:            reset_n_i (PAD)
  Destination:       vga_top_i/vga_i/locked_del_reg_r (FF)
  Destination Clock: clk_i rising 0.9X

  Data Path: reset_n_i to vga_top_i/vga_i/locked_del_reg_r
                                Gate     Net
    Cell:in->out      fanout   Delay   Delay  Logical Name (Net Name)
    ----------------------------------------  ------------
     IBUF:I->O             1   1.328   0.681  reset_n_i_IBUF (reset_n_i_IBUF)
     INV:I->O              1   0.255   0.681  vga_top_i/vga_i/rst_n_i_inv1_INV_0 (vga_top_i/vga_i/rst_n_i_inv)
     FDR:R                     0.459          vga_top_i/vga_i/locked_del_reg_r
    ----------------------------------------
    Total                      3.404ns (2.042ns logic, 1.362ns route)
                                       (60.0% logic, 40.0% route)

=========================================================================
Timing constraint: Default OFFSET IN BEFORE for Clock 'vga_top_i/display_mode_i[1]_display_mode_i[1]_OR_22_o'
  Total number of paths / destination ports: 2 / 1
-------------------------------------------------------------------------
Offset:              2.620ns (Levels of Logic = 2)
  Source:            display_mode_i<1> (PAD)
  Destination:       vga_top_i/active_pixel_s (LATCH)
  Destination Clock: vga_top_i/display_mode_i[1]_display_mode_i[1]_OR_22_o falling

  Data Path: display_mode_i<1> to vga_top_i/active_pixel_s
                                Gate     Net
    Cell:in->out      fanout   Delay   Delay  Logical Name (Net Name)
    ----------------------------------------  ------------
     IBUF:I->O             2   1.328   1.002  display_mode_i_1_IBUF (display_mode_i_1_IBUF)
     LUT4:I0->O            1   0.254   0.000  vga_top_i/Mmux_active_pixel_s_rom_out_s_MUX_75_o11 (vga_top_i/active_pixel_s_rom_out_s_MUX_75_o)
     LD:D                      0.036          vga_top_i/active_pixel_s
    ----------------------------------------
    Total                      2.620ns (1.618ns logic, 1.002ns route)
                                       (61.8% logic, 38.2% route)

=========================================================================
Timing constraint: Default OFFSET OUT AFTER for Clock 'clk_i'
  Total number of paths / destination ports: 29 / 29
-------------------------------------------------------------------------
Offset:              4.380ns (Levels of Logic = 1)
  Source:            vga_top_i/vga_i/vga_sync_i/red_r_0 (FF)
  Destination:       red_o<7> (PAD)
  Source Clock:      clk_i rising 0.9X

  Data Path: vga_top_i/vga_i/vga_sync_i/red_r_0 to red_o<7>
                                Gate     Net
    Cell:in->out      fanout   Delay   Delay  Logical Name (Net Name)
    ----------------------------------------  ------------
     FDRE:C->Q             8   0.525   0.943  vga_top_i/vga_i/vga_sync_i/red_r_0 (vga_top_i/vga_i/vga_sync_i/red_r_0)
     OBUF:I->O                 2.912          red_o_7_OBUF (red_o<7>)
    ----------------------------------------
    Total                      4.380ns (3.437ns logic, 0.943ns route)
                                       (78.5% logic, 21.5% route)

=========================================================================

Cross Clock Domains Report:
--------------------------

Clock to Setup on destination clock clk_i
-----------------------------------------------------+---------+---------+---------+---------+
                                                     | Src:Rise| Src:Fall| Src:Rise| Src:Fall|
Source Clock                                         |Dest:Rise|Dest:Rise|Dest:Fall|Dest:Fall|
-----------------------------------------------------+---------+---------+---------+---------+
clk_i                                                |   18.013|         |         |         |
vga_top_i/display_mode_i[1]_display_mode_i[1]_OR_22_o|         |    1.884|         |         |
-----------------------------------------------------+---------+---------+---------+---------+

Clock to Setup on destination clock vga_top_i/display_mode_i[1]_display_mode_i[1]_OR_22_o
---------------+---------+---------+---------+---------+
               | Src:Rise| Src:Fall| Src:Rise| Src:Fall|
Source Clock   |Dest:Rise|Dest:Rise|Dest:Fall|Dest:Fall|
---------------+---------+---------+---------+---------+
clk_i          |         |         |    4.563|         |
---------------+---------+---------+---------+---------+

=========================================================================


Total REAL time to Xst completion: 40.00 secs
Total CPU time to Xst completion: 39.98 secs
 
--> 

Total memory usage is 319748 kilobytes

Number of errors   :    0 (   0 filtered)
Number of warnings :   27 (   0 filtered)
Number of infos    :   50 (   0 filtered)

